2022-04-20 08:47:20 INFO  Log:18 - URL is opened.
2022-04-20 08:49:15 INFO  Log:18 - URL is opened.
2022-04-20 08:54:17 INFO  Log:18 - URL is opened.
2022-04-20 09:01:04 INFO  Log:18 - URL is opened.
2022-04-20 09:03:37 INFO  Log:18 - URL is opened.
2022-04-20 09:06:09 INFO  Log:18 - URL is opened.
2022-04-20 09:07:27 INFO  Log:18 - URL is opened.
2022-04-20 09:09:39 INFO  Log:18 - URL is opened.
2022-04-20 09:14:16 INFO  Log:18 - URL is opened.
2022-04-20 09:14:19 INFO  Log:18 - Username entered.
2022-04-20 09:14:20 INFO  Log:18 - Password entered.
2022-04-20 09:14:21 INFO  Log:18 - Login Successful.
2022-04-20 09:14:22 INFO  Log:18 - Verified User.
2022-04-20 09:16:04 INFO  Log:18 - URL is opened.
2022-04-20 09:16:09 INFO  Log:18 - Username entered.
2022-04-20 09:16:10 INFO  Log:18 - Password entered.
2022-04-20 09:16:10 INFO  Log:18 - Login Successful.
2022-04-20 09:16:11 INFO  Log:18 - Verified User.
2022-04-20 09:16:43 INFO  Log:18 - URL is opened.
2022-04-20 09:16:43 INFO  Log:18 - Username entered.
2022-04-20 09:16:45 INFO  Log:18 - Password entered.
2022-04-20 09:22:33 INFO  Log:18 - URL is opened.
2022-04-20 09:23:20 INFO  Log:18 - URL is opened.
2022-04-20 09:23:40 INFO  Log:18 - Username entered.
2022-04-20 09:23:42 INFO  Log:18 - Password entered.
2022-04-20 09:32:35 INFO  Log:18 - URL is opened.
2022-04-20 09:32:38 INFO  Log:18 - Username entered.
2022-04-20 09:32:39 INFO  Log:18 - Password entered.
2022-04-20 09:38:15 INFO  Log:18 - URL is opened.
2022-04-20 09:38:16 INFO  Log:18 - Username entered.
2022-04-20 09:38:17 INFO  Log:18 - Password entered.
2022-04-20 09:38:17 INFO  Log:18 - Login Successful.
2022-04-20 09:38:18 INFO  Log:18 - Verified User.
2022-04-20 09:38:34 INFO  Log:18 - Book is selected to add.
2022-04-20 09:38:34 INFO  Log:18 - Book is added to profile
2022-04-20 09:48:37 INFO  Log:18 - URL is opened.
2022-04-20 09:48:37 INFO  Log:18 - Username entered.
2022-04-20 09:48:38 INFO  Log:18 - Password entered.
2022-04-20 09:48:39 INFO  Log:18 - Login Successful.
2022-04-20 09:48:40 INFO  Log:18 - Verified User.
2022-04-20 09:48:46 INFO  Log:18 - Book is selected to add.
2022-04-20 09:48:47 INFO  Log:18 - Book is added.
2022-04-20 09:48:52 INFO  Log:18 - Book is in profile
2022-04-20 09:48:53 INFO  Log:18 - User Logged out.
2022-04-20 09:49:12 INFO  Log:18 - URL is opened.
2022-04-20 09:49:13 INFO  Log:18 - Username entered.
2022-04-20 09:49:13 INFO  Log:18 - Password entered.
2022-04-20 09:49:18 INFO  Log:18 - Login Successful.
2022-04-20 09:49:18 INFO  Log:18 - Verified User.
2022-04-20 09:49:19 INFO  Log:18 - User Profile opened.
2022-04-20 09:49:19 INFO  Log:18 - Books deleted.
2022-04-20 09:55:45 INFO  Log:18 - URL is opened.
2022-04-20 09:55:46 INFO  Log:18 - Username entered.
2022-04-20 09:55:49 INFO  Log:18 - Password entered.
2022-04-20 09:55:49 INFO  Log:18 - Login Successful.
2022-04-20 09:55:50 INFO  Log:18 - Verified User.
2022-04-20 09:55:50 INFO  Log:18 - User is logged out.
2022-04-20 09:56:15 INFO  Log:18 - URL is opened.
2022-04-20 09:56:20 INFO  Log:18 - Username entered.
2022-04-20 09:56:20 INFO  Log:18 - Password entered.
2022-04-20 09:56:21 INFO  Log:18 - Login Successful.
2022-04-20 09:56:22 INFO  Log:18 - Verified User.
2022-04-20 09:56:32 INFO  Log:18 - Book is selected to add.
2022-04-20 09:56:58 INFO  Log:18 - URL is opened.
2022-04-20 09:57:01 INFO  Log:18 - Username entered.
2022-04-20 09:57:03 INFO  Log:18 - Password entered.
2022-04-20 09:57:04 INFO  Log:18 - Login Successful.
2022-04-20 09:57:05 INFO  Log:18 - Verified User.
2022-04-20 09:57:06 INFO  Log:18 - User Profile opened.
2022-04-20 09:57:06 INFO  Log:18 - Books deleted.
2022-04-20 10:32:51 INFO  Log:18 - URL is opened.
2022-04-20 10:32:53 INFO  Log:18 - Username entered.
2022-04-20 10:32:54 INFO  Log:18 - Password entered.
2022-04-20 10:32:54 INFO  Log:18 - Login Successful.
2022-04-20 10:32:56 INFO  Log:18 - Verified User.
2022-04-20 10:32:56 INFO  Log:18 - User is logged out.
2022-04-20 10:33:15 INFO  Log:18 - URL is opened.
2022-04-20 10:33:15 INFO  Log:18 - Username entered.
2022-04-20 10:33:15 INFO  Log:18 - Password entered.
2022-04-20 10:33:17 INFO  Log:18 - Login Successful.
2022-04-20 10:33:18 INFO  Log:18 - Verified User.
2022-04-20 10:33:23 INFO  Log:18 - Book is selected to add.
2022-04-20 10:33:25 INFO  Log:18 - Book is added.
2022-04-20 10:33:25 INFO  Log:18 - Book is in profile
2022-04-20 10:33:30 INFO  Log:18 - User Logged out.
2022-04-20 10:33:47 INFO  Log:18 - URL is opened.
2022-04-20 10:33:47 INFO  Log:18 - Username entered.
2022-04-20 10:33:48 INFO  Log:18 - Password entered.
2022-04-20 10:33:49 INFO  Log:18 - Login Successful.
2022-04-20 10:33:52 INFO  Log:18 - Verified User.
2022-04-20 10:33:53 INFO  Log:18 - User Profile opened.
2022-04-20 10:33:53 INFO  Log:18 - Books deleted.
2022-04-20 10:40:00 INFO  Log:18 - URL opened.
2022-04-20 10:40:03 INFO  Log:18 - Username entered.
2022-04-20 10:40:03 INFO  Log:18 - Password entered.
2022-04-20 10:40:04 INFO  Log:18 - Login Successful.
2022-04-20 10:40:04 INFO  Log:18 - Login Successful.
2022-04-20 10:40:04 INFO  Log:18 - URL opened.
2022-04-20 10:42:01 INFO  Log:18 - URL opened.
2022-04-20 10:42:01 INFO  Log:18 - Username entered.
2022-04-20 10:42:02 INFO  Log:18 - Password entered.
2022-04-20 10:42:02 INFO  Log:18 - Login Successful.
2022-04-20 10:42:02 INFO  Log:18 - Login Successful.
2022-04-20 10:42:03 INFO  Log:18 - URL opened.
2022-04-20 10:42:04 INFO  Log:18 - Username entered.
2022-04-20 10:42:04 INFO  Log:18 - Password entered.
2022-04-20 10:42:04 INFO  Log:18 - Login Successful.
2022-04-20 10:42:04 INFO  Log:18 - Invalid User Details
2022-04-20 10:44:05 INFO  Log:18 - URL opened.
2022-04-20 10:44:07 INFO  Log:18 - Username entered.
2022-04-20 10:44:08 INFO  Log:18 - Password entered.
2022-04-20 10:44:08 INFO  Log:18 - Login Successful.
2022-04-20 10:44:08 INFO  Log:18 - Login Successful.
2022-04-20 10:44:09 INFO  Log:18 - URL opened.
2022-04-20 10:44:09 INFO  Log:18 - Username entered.
2022-04-20 10:44:10 INFO  Log:18 - Password entered.
2022-04-20 10:44:10 INFO  Log:18 - Login Successful.
2022-04-20 10:46:40 INFO  Log:18 - URL is opened.
2022-04-20 10:46:41 INFO  Log:18 - Username entered.
2022-04-20 10:46:44 INFO  Log:18 - Password entered.
2022-04-20 10:46:44 INFO  Log:18 - Login Successful.
2022-04-20 10:46:45 INFO  Log:18 - Verified User.
2022-04-20 10:46:46 INFO  Log:18 - User is logged out.
2022-04-20 10:47:01 INFO  Log:18 - URL is opened.
2022-04-20 10:47:01 INFO  Log:18 - Username entered.
2022-04-20 10:47:02 INFO  Log:18 - Password entered.
2022-04-20 10:47:02 INFO  Log:18 - Login Successful.
2022-04-20 10:47:07 INFO  Log:18 - Verified User.
2022-04-20 10:47:13 INFO  Log:18 - Book is selected to add.
2022-04-20 10:47:15 INFO  Log:18 - Book is added.
2022-04-20 10:47:19 INFO  Log:18 - Book is in profile
2022-04-20 10:47:19 INFO  Log:18 - User Logged out.
2022-04-20 10:49:24 INFO  Log:18 - URL is opened.
2022-04-20 10:51:10 INFO  Log:18 - URL is opened.
2022-04-20 10:51:10 INFO  Log:18 - Username entered.
2022-04-20 10:51:10 INFO  Log:18 - Password entered.
2022-04-20 10:51:11 INFO  Log:18 - Login Successful.
2022-04-20 10:51:14 INFO  Log:18 - Verified User.
2022-04-20 10:51:14 INFO  Log:18 - User is logged out.
2022-04-20 10:51:35 INFO  Log:18 - URL is opened.
2022-04-20 10:51:37 INFO  Log:18 - Username entered.
2022-04-20 10:51:38 INFO  Log:18 - Password entered.
2022-04-20 10:51:38 INFO  Log:18 - Login Successful.
2022-04-20 10:51:39 INFO  Log:18 - Verified User.
2022-04-20 10:51:44 INFO  Log:18 - Book is selected to add.
2022-04-20 10:52:10 INFO  Log:18 - URL is opened.
2022-04-20 10:52:12 INFO  Log:18 - Username entered.
2022-04-20 10:52:13 INFO  Log:18 - Password entered.
2022-04-20 10:52:13 INFO  Log:18 - Login Successful.
2022-04-20 10:52:14 INFO  Log:18 - Verified User.
2022-04-20 10:52:14 INFO  Log:18 - User Profile opened.
2022-04-20 10:52:15 INFO  Log:18 - Books deleted.
2022-04-20 10:52:40 INFO  Log:18 - URL opened.
2022-04-20 10:52:40 INFO  Log:18 - Username entered.
2022-04-20 10:52:41 INFO  Log:18 - Password entered.
2022-04-20 10:52:41 INFO  Log:18 - Login Successful.
2022-04-20 10:52:41 INFO  Log:18 - Login Successful.
2022-04-20 10:52:42 INFO  Log:18 - URL opened.
2022-04-20 10:52:42 INFO  Log:18 - Username entered.
2022-04-20 10:52:42 INFO  Log:18 - Password entered.
2022-04-20 10:52:42 INFO  Log:18 - Login Successful.
